<?xml version="1.0" encoding="UTF-8"?>
<!-- Generated by org.testng.reporters.JUnitReportReporter -->
<testsuite hostname="AmrishVino" failures="0" tests="5" name="oneFootballBase.SettingTab" time="35.368" errors="0" timestamp="2023-12-31T13:10:13 IST" skipped="3">
  <testcase classname="oneFootballBase.SettingTab" name="TeamsLogin" time="23.321"/>
  <testcase classname="oneFootballBase.SettingTab" name="setLanguageAndColor" time="12.047"/>
  <testcase classname="oneFootballBase.SettingTab" name="SetBackgroundColorDark">
    <skipped/>
  </testcase> <!-- SetBackgroundColorDark -->
  <testcase classname="oneFootballBase.SettingTab" name="SetLanguageSpanish">
    <skipped/>
  </testcase> <!-- SetLanguageSpanish -->
  <testcase classname="oneFootballBase.SettingTab" name="SetLanguageEnglish">
    <skipped/>
  </testcase> <!-- SetLanguageEnglish -->
</testsuite> <!-- oneFootballBase.SettingTab -->
