<?xml version="1.0" encoding="UTF-8"?>
<!-- Generated by org.testng.reporters.JUnitReportReporter -->
<testsuite hostname="AmrishVino" failures="0" tests="1" name="oneFootballBase.org.MatchesTab" time="0.728" errors="0" timestamp="2023-12-27T12:31:52 IST" skipped="0">
  <testcase classname="oneFootballBase.org.MatchesTab" name="LoginToContinue" time="0.728"/>
</testsuite> <!-- oneFootballBase.org.MatchesTab -->
