<?xml version="1.0" encoding="UTF-8"?>
<!-- Generated by org.testng.reporters.JUnitReportReporter -->
<testsuite hostname="AmrishVino" failures="0" tests="10" name="oneFootballBase.FollowingTab" time="16.134" errors="0" timestamp="2024-01-04T10:41:51 IST" skipped="8">
  <testcase classname="oneFootballBase.FollowingTab" name="Loggin" time="9.260"/>
  <testcase classname="oneFootballBase.FollowingTab" name="FavClubUnselectMyTeams" time="6.874"/>
  <testcase classname="oneFootballBase.FollowingTab" name="UnselectFavCompetitons">
    <skipped/>
  </testcase> <!-- UnselectFavCompetitons -->
  <testcase classname="oneFootballBase.FollowingTab" name="favPlayerDetailsPage">
    <skipped/>
  </testcase> <!-- favPlayerDetailsPage -->
  <testcase classname="oneFootballBase.FollowingTab" name="SelectFavoritePlayer">
    <skipped/>
  </testcase> <!-- SelectFavoritePlayer -->
  <testcase classname="oneFootballBase.FollowingTab" name="MyFavoriteCompetitions">
    <skipped/>
  </testcase> <!-- MyFavoriteCompetitions -->
  <testcase classname="oneFootballBase.FollowingTab" name="EditFavTeam">
    <skipped/>
  </testcase> <!-- EditFavTeam -->
  <testcase classname="oneFootballBase.FollowingTab" name="ClickCompetitionDetailsPage">
    <skipped/>
  </testcase> <!-- ClickCompetitionDetailsPage -->
  <testcase classname="oneFootballBase.FollowingTab" name="FavoriteclubMyTeams">
    <skipped/>
  </testcase> <!-- FavoriteclubMyTeams -->
  <testcase classname="oneFootballBase.FollowingTab" name="ClickOnFavClubDetailsPage">
    <skipped/>
  </testcase> <!-- ClickOnFavClubDetailsPage -->
</testsuite> <!-- oneFootballBase.FollowingTab -->
