<?xml version="1.0" encoding="UTF-8"?>
<!-- Generated by org.testng.reporters.JUnitReportReporter -->
<testsuite hostname="AmrishVino" failures="0" tests="11" name="oneFootballBase.MatchesTab" time="16.073" errors="0" timestamp="2023-12-29T22:11:49 IST" skipped="9">
  <testcase classname="oneFootballBase.MatchesTab" name="MatchesLogin" time="15.648"/>
  <testcase classname="oneFootballBase.MatchesTab" name="ClickaudioboomPageFromMatchesTab" time="0.425"/>
  <testcase classname="oneFootballBase.MatchesTab" name="ClickTiktokPageFromMatchesTab">
    <skipped/>
  </testcase> <!-- ClickTiktokPageFromMatchesTab -->
  <testcase classname="oneFootballBase.MatchesTab" name="ClickInstagramPageFromMatchesTab">
    <skipped/>
  </testcase> <!-- ClickInstagramPageFromMatchesTab -->
  <testcase classname="oneFootballBase.MatchesTab" name="ClickTwitterPageFromMatchesTab">
    <skipped/>
  </testcase> <!-- ClickTwitterPageFromMatchesTab -->
  <testcase classname="oneFootballBase.MatchesTab" name="QuitThePage">
    <skipped/>
  </testcase> <!-- QuitThePage -->
  <testcase classname="oneFootballBase.MatchesTab" name="LiveNowButton">
    <skipped/>
  </testcase> <!-- LiveNowButton -->
  <testcase classname="oneFootballBase.MatchesTab" name="ClickYoutubePageFromMatchesTab">
    <skipped/>
  </testcase> <!-- ClickYoutubePageFromMatchesTab -->
  <testcase classname="oneFootballBase.MatchesTab" name="MatchesTabStandings">
    <skipped/>
  </testcase> <!-- MatchesTabStandings -->
  <testcase classname="oneFootballBase.MatchesTab" name="WatchMatches">
    <skipped/>
  </testcase> <!-- WatchMatches -->
  <testcase classname="oneFootballBase.MatchesTab" name="ClickFBPageFromMatchesTab">
    <skipped/>
  </testcase> <!-- ClickFBPageFromMatchesTab -->
</testsuite> <!-- oneFootballBase.MatchesTab -->
