<?xml version="1.0" encoding="UTF-8"?>
<!-- Generated by org.testng.reporters.JUnitReportReporter -->
<testsuite hostname="AmrishVino" failures="0" tests="4" name="oneFootballBase.TeamsTab" time="50.401" errors="0" timestamp="2023-12-31T12:47:51 IST" skipped="2">
  <testcase classname="oneFootballBase.TeamsTab" name="TeamsLogin" time="18.370"/>
  <testcase classname="oneFootballBase.TeamsTab" name="NewsTabInTeams" time="32.031"/>
  <testcase classname="oneFootballBase.TeamsTab" name="ClickPlayerInAClub">
    <skipped/>
  </testcase> <!-- ClickPlayerInAClub -->
  <testcase classname="oneFootballBase.TeamsTab" name="SeasonInTeamsTab">
    <skipped/>
  </testcase> <!-- SeasonInTeamsTab -->
</testsuite> <!-- oneFootballBase.TeamsTab -->
