<?xml version="1.0" encoding="UTF-8"?>
<!-- Generated by org.testng.reporters.JUnitReportReporter -->
<testsuite hostname="AmrishVino" failures="0" tests="2" name="oneFootballBase.BookMarksTab" time="15.889" errors="0" timestamp="2023-12-28T20:29:46 IST" skipped="0">
  <testcase classname="oneFootballBase.BookMarksTab" name="loginnn" time="13.714"/>
  <testcase classname="oneFootballBase.BookMarksTab" name="AddBookMarks" time="2.175"/>
</testsuite> <!-- oneFootballBase.BookMarksTab -->
