<?xml version="1.0" encoding="UTF-8"?>
<!-- Generated by org.testng.reporters.JUnitReportReporter -->
<testsuite hostname="AmrishVino" failures="0" tests="10" name="oneFootballBase.org.FollowingTab" time="21.138" errors="0" timestamp="2023-12-26T19:06:10 IST" skipped="8">
  <testcase classname="oneFootballBase.org.FollowingTab" name="Loggin" time="7.395"/>
  <testcase classname="oneFootballBase.org.FollowingTab" name="EditFavTeam" time="13.743"/>
  <testcase classname="oneFootballBase.org.FollowingTab" name="FavoriteclubMyTeams">
    <skipped/>
  </testcase> <!-- FavoriteclubMyTeams -->
  <testcase classname="oneFootballBase.org.FollowingTab" name="FavClubUnselectMyTeams">
    <skipped/>
  </testcase> <!-- FavClubUnselectMyTeams -->
  <testcase classname="oneFootballBase.org.FollowingTab" name="ClickOnFavClubDetailsPage">
    <skipped/>
  </testcase> <!-- ClickOnFavClubDetailsPage -->
  <testcase classname="oneFootballBase.org.FollowingTab" name="SelectFavoritePlayer">
    <skipped/>
  </testcase> <!-- SelectFavoritePlayer -->
  <testcase classname="oneFootballBase.org.FollowingTab" name="ClickCompetitionDetailsPage">
    <skipped/>
  </testcase> <!-- ClickCompetitionDetailsPage -->
  <testcase classname="oneFootballBase.org.FollowingTab" name="MyFavoriteCompetitions">
    <skipped/>
  </testcase> <!-- MyFavoriteCompetitions -->
  <testcase classname="oneFootballBase.org.FollowingTab" name="UnselectFavCompetitons">
    <skipped/>
  </testcase> <!-- UnselectFavCompetitons -->
  <testcase classname="oneFootballBase.org.FollowingTab" name="favPlayerDetailsPage">
    <skipped/>
  </testcase> <!-- favPlayerDetailsPage -->
</testsuite> <!-- oneFootballBase.org.FollowingTab -->
