<?xml version="1.0" encoding="UTF-8"?>
<!-- Generated by org.testng.reporters.JUnitReportReporter -->
<testsuite hostname="AmrishVino" failures="0" tests="1" name="oneFootballBase.org.Clsss1" time="0.013" errors="0" timestamp="2023-12-20T18:38:54 IST" skipped="0">
  <testcase classname="oneFootballBase.org.Clsss1" name="allwin" time="0.013"/>
</testsuite> <!-- oneFootballBase.org.Clsss1 -->
