<?xml version="1.0" encoding="UTF-8"?>
<!-- Generated by org.testng.reporters.JUnitReportReporter -->
<testsuite hostname="AmrishVino" failures="0" tests="6" name="oneFootballBase.org.CreateNewAccountUsingGMail" time="11.342" errors="0" timestamp="2023-12-27T12:34:29 IST" skipped="4">
  <testcase classname="oneFootballBase.org.CreateNewAccountUsingGMail" name="OpenCreateNewAccountPage" time="6.553"/>
  <testcase classname="oneFootballBase.org.CreateNewAccountUsingGMail" name="CreateAnAccount" time="4.789"/>
  <testcase classname="oneFootballBase.org.CreateNewAccountUsingGMail" name="CreateAccountByNotCheckingTermsAndConditionsCheckBox">
    <skipped/>
  </testcase> <!-- CreateAccountByNotCheckingTermsAndConditionsCheckBox -->
  <testcase classname="oneFootballBase.org.CreateNewAccountUsingGMail" name="CreateAccountwithInvalidPassword">
    <skipped/>
  </testcase> <!-- CreateAccountwithInvalidPassword -->
  <testcase classname="oneFootballBase.org.CreateNewAccountUsingGMail" name="CreateAccountWithAlreadyExistsEmail">
    <skipped/>
  </testcase> <!-- CreateAccountWithAlreadyExistsEmail -->
  <testcase classname="oneFootballBase.org.CreateNewAccountUsingGMail" name="CreateAccountUsingInvalidGmail">
    <skipped/>
  </testcase> <!-- CreateAccountUsingInvalidGmail -->
</testsuite> <!-- oneFootballBase.org.CreateNewAccountUsingGMail -->
